-------------------------------------------------------------------------------
Test set: net.javaguides.sms.StudentManagementSystemApplicationTests
-------------------------------------------------------------------------------
Tests run: 1, Failures: 0, Errors: 1, Skipped: 0, Time elapsed: 0.375 s <<< FAILURE! - in net.javaguides.sms.StudentManagementSystemApplicationTests
net.javaguides.sms.StudentManagementSystemApplicationTests  Time elapsed: 0.373 s  <<< ERROR!
java.lang.IllegalStateException: Unable to find a @SpringBootConfiguration, you need to use @ContextConfiguration or @SpringBootTest(classes=...) with your test

